0 info it worked if it ends with ok
1 verbose cli [ '/opt/nodejs/bin/node', '/usr/local/bin/npm', 'publish' ]
2 info using npm@3.7.1
3 info using node@v5.2.0
4 verbose publish [ '.' ]
5 verbose stack Error: Failed to parse json
5 verbose stack Unexpected token '/' at 7:60
5 verbose stack     "test": "echo \"Error: no test specified\" && exit 1" //Tests are in develo
5 verbose stack                                                            ^
5 verbose stack     at parseError (/opt/nodejs/lib/node_modules/npm/node_modules/read-package-json/read-json.js:379:11)
5 verbose stack     at parseJson (/opt/nodejs/lib/node_modules/npm/node_modules/read-package-json/read-json.js:68:23)
5 verbose stack     at /opt/nodejs/lib/node_modules/npm/node_modules/read-package-json/read-json.js:48:5
5 verbose stack     at /opt/nodejs/lib/node_modules/npm/node_modules/graceful-fs/graceful-fs.js:76:16
5 verbose stack     at tryToString (fs.js:415:3)
5 verbose stack     at FSReqWrap.readFileAfterClose [as oncomplete] (fs.js:402:12)
6 verbose cwd /home/markus/Projekte/NWJS-Boilerplate
7 error Linux 4.3.3-301.fc23.x86_64
8 error argv "/opt/nodejs/bin/node" "/usr/local/bin/npm" "publish"
9 error node v5.2.0
10 error npm  v3.7.1
11 error file /home/markus/Projekte/NWJS-Boilerplate/package.json
12 error code EJSONPARSE
13 error Failed to parse json
13 error Unexpected token '/' at 7:60
13 error     "test": "echo \"Error: no test specified\" && exit 1" //Tests are in develo
13 error                                                            ^
14 error File: /home/markus/Projekte/NWJS-Boilerplate/package.json
15 error Failed to parse package.json data.
15 error package.json must be actual JSON, not just JavaScript.
15 error
15 error This is not a bug in npm.
15 error Tell the package author to fix their package.json file. JSON.parse
16 verbose exit [ 1, true ]
